c:\users\gedol\documents\egyetem lori\adatszerkezet\kartya.jatek\kartya.jatek\debug\vc142.pdb
c:\users\gedol\documents\egyetem lori\adatszerkezet\kartya.jatek\kartya.jatek\debug\vc142.idb
c:\users\gedol\documents\egyetem lori\adatszerkezet\kartya.jatek\kartya.jatek\debug\source.obj
c:\users\gedol\documents\egyetem lori\adatszerkezet\kartya.jatek\kartya.jatek\debug\player.obj
c:\users\gedol\documents\egyetem lori\adatszerkezet\kartya.jatek\kartya.jatek\debug\kartya.obj
c:\users\gedol\documents\egyetem lori\adatszerkezet\kartya.jatek\debug\kartya.jatek.pdb
c:\users\gedol\documents\egyetem lori\adatszerkezet\kartya.jatek\kartya.jatek\debug\kartya.jatek.tlog\cl.command.1.tlog
c:\users\gedol\documents\egyetem lori\adatszerkezet\kartya.jatek\kartya.jatek\debug\kartya.jatek.tlog\cl.read.1.tlog
c:\users\gedol\documents\egyetem lori\adatszerkezet\kartya.jatek\kartya.jatek\debug\kartya.jatek.tlog\cl.write.1.tlog
c:\users\gedol\documents\egyetem lori\adatszerkezet\kartya.jatek\kartya.jatek\debug\kartya.jatek.tlog\link-cvtres.read.1.tlog
c:\users\gedol\documents\egyetem lori\adatszerkezet\kartya.jatek\kartya.jatek\debug\kartya.jatek.tlog\link-cvtres.write.1.tlog
c:\users\gedol\documents\egyetem lori\adatszerkezet\kartya.jatek\kartya.jatek\debug\kartya.jatek.tlog\link-rc.read.1.tlog
c:\users\gedol\documents\egyetem lori\adatszerkezet\kartya.jatek\kartya.jatek\debug\kartya.jatek.tlog\link-rc.write.1.tlog
c:\users\gedol\documents\egyetem lori\adatszerkezet\kartya.jatek\kartya.jatek\debug\kartya.jatek.tlog\link.14236-cvtres.read.1.tlog
c:\users\gedol\documents\egyetem lori\adatszerkezet\kartya.jatek\kartya.jatek\debug\kartya.jatek.tlog\link.14236-cvtres.write.1.tlog
c:\users\gedol\documents\egyetem lori\adatszerkezet\kartya.jatek\kartya.jatek\debug\kartya.jatek.tlog\link.14236-rc.read.1.tlog
c:\users\gedol\documents\egyetem lori\adatszerkezet\kartya.jatek\kartya.jatek\debug\kartya.jatek.tlog\link.14236-rc.write.1.tlog
c:\users\gedol\documents\egyetem lori\adatszerkezet\kartya.jatek\kartya.jatek\debug\kartya.jatek.tlog\link.14236.read.1.tlog
c:\users\gedol\documents\egyetem lori\adatszerkezet\kartya.jatek\kartya.jatek\debug\kartya.jatek.tlog\link.14236.write.1.tlog
c:\users\gedol\documents\egyetem lori\adatszerkezet\kartya.jatek\kartya.jatek\debug\kartya.jatek.tlog\link.command.1.tlog
c:\users\gedol\documents\egyetem lori\adatszerkezet\kartya.jatek\kartya.jatek\debug\kartya.jatek.tlog\link.read.1.tlog
c:\users\gedol\documents\egyetem lori\adatszerkezet\kartya.jatek\kartya.jatek\debug\kartya.jatek.tlog\link.write.1.tlog
